<?xml version="1.0" encoding="utf-8"?><testsuites name="pytest tests"><testsuite name="pytest" errors="0" failures="0" skipped="0" tests="19" time="5.734" timestamp="2026-05-13T09:34:25.270320+00:00" hostname="agent-env-692f1056-73b9-41be-9388-6a3be6c9ec5d"><testcase classname="tests.test_trading_journal.TestHealthAndRoot" name="test_root_endpoint" time="0.199" /><testcase classname="tests.test_trading_journal.TestHealthAndRoot" name="test_health_endpoint" time="0.139" /><testcase classname="tests.test_trading_journal.TestAuthentication" name="test_login_success" time="0.419" /><testcase classname="tests.test_trading_journal.TestAuthentication" name="test_login_invalid_password" time="0.370" /><testcase classname="tests.test_trading_journal.TestAuthentication" name="test_login_nonexistent_email" time="0.137" /><testcase classname="tests.test_trading_journal.TestAuthentication" name="test_signup_duplicate_email" time="0.161" /><testcase classname="tests.test_trading_journal.TestAuthentication" name="test_check_email_availability" time="0.268" /><testcase classname="tests.test_trading_journal.TestAuthentication" name="test_check_username_availability" time="0.291" /><testcase classname="tests.test_trading_journal.TestAuthenticatedEndpoints" name="test_get_current_user" time="0.478" /><testcase classname="tests.test_trading_journal.TestAuthenticatedEndpoints" name="test_get_trades_list" time="0.453" /><testcase classname="tests.test_trading_journal.TestAuthenticatedEndpoints" name="test_get_performance_metrics" time="0.452" /><testcase classname="tests.test_trading_journal.TestAuthenticatedEndpoints" name="test_get_onboarding" time="0.447" /><testcase classname="tests.test_trading_journal.TestAuthenticatedEndpoints" name="test_get_exchange_status" time="0.455" /><testcase classname="tests.test_trading_journal.TestTradeCRUD" name="test_create_and_get_trade" time="0.850" /><testcase classname="tests.test_trading_journal.TestLivePrices" name="test_get_live_prices" time="0.122" /><testcase classname="tests.test_trading_journal.TestLivePrices" name="test_get_notifications" time="0.103" /><testcase classname="tests.test_trading_journal.TestUnauthorizedAccess" name="test_trades_without_auth" time="0.100" /><testcase classname="tests.test_trading_journal.TestUnauthorizedAccess" name="test_metrics_without_auth" time="0.103" /><testcase classname="tests.test_trading_journal.TestUnauthorizedAccess" name="test_user_me_without_auth" time="0.101" /></testsuite></testsuites>